This file contains any messages produced by compilers while
running configure, to aid debugging if configure makes a mistake.

It was created by oflops configure 0.01, which was
generated by GNU Autoconf 2.71.  Invocation command line was

  $ ./configure --with-openflow-src-dir=/home/muhammadjunaidkhalid/openflow

## --------- ##
## Platform. ##
## --------- ##

hostname = ComputerScientist
uname -m = x86_64
uname -r = 5.15.0-30-generic
uname -s = Linux
uname -v = #31-Ubuntu SMP Thu May 5 10:00:34 UTC 2022

/usr/bin/uname -p = x86_64
/bin/uname -X     = unknown

/bin/arch              = x86_64
/usr/bin/arch -k       = unknown
/usr/convex/getsysinfo = unknown
/usr/bin/hostinfo      = unknown
/bin/machine           = unknown
/usr/bin/oslevel       = unknown
/bin/universe          = unknown

PATH: /usr/local/sbin/
PATH: /usr/local/bin/
PATH: /usr/sbin/
PATH: /usr/bin/
PATH: /sbin/
PATH: /bin/
PATH: /usr/games/
PATH: /usr/local/games/
PATH: /snap/bin/
PATH: /snap/bin/


## ----------- ##
## Core tests. ##
## ----------- ##

configure:2458: looking for aux files: config.guess config.sub ltmain.sh compile missing install-sh
configure:2471:  trying ./
configure:2500:   ./config.guess found
configure:2500:   ./config.sub found
configure:2500:   ./ltmain.sh found
configure:2500:   ./compile found
configure:2500:   ./missing found
configure:2482:   ./install-sh found
configure:2629: checking for a BSD-compatible install
configure:2702: result: /usr/bin/install -c
configure:2713: checking whether build environment is sane
configure:2768: result: yes
configure:2927: checking for a race-free mkdir -p
configure:2971: result: /usr/bin/mkdir -p
configure:2978: checking for gawk
configure:3013: result: no
configure:2978: checking for mawk
configure:2999: found /usr/bin/mawk
configure:3010: result: mawk
configure:3021: checking whether make sets $(MAKE)
configure:3044: result: yes
configure:3074: checking whether make supports nested variables
configure:3092: result: yes
configure:3257: checking for /home/muhammadjunaidkhalid/openflow/include/openflow/openflow.h
configure:3272: result: yes
configure:3350: checking for gcc
configure:3371: found /usr/bin/gcc
configure:3382: result: gcc
configure:3735: checking for C compiler version
configure:3744: gcc --version >&5
gcc (Ubuntu 11.2.0-19ubuntu1) 11.2.0
Copyright (C) 2021 Free Software Foundation, Inc.
This is free software; see the source for copying conditions.  There is NO
warranty; not even for MERCHANTABILITY or FITNESS FOR A PARTICULAR PURPOSE.

configure:3755: $? = 0
configure:3744: gcc -v >&5
Using built-in specs.
COLLECT_GCC=gcc
COLLECT_LTO_WRAPPER=/usr/lib/gcc/x86_64-linux-gnu/11/lto-wrapper
OFFLOAD_TARGET_NAMES=nvptx-none:amdgcn-amdhsa
OFFLOAD_TARGET_DEFAULT=1
Target: x86_64-linux-gnu
Configured with: ../src/configure -v --with-pkgversion='Ubuntu 11.2.0-19ubuntu1' --with-bugurl=file:///usr/share/doc/gcc-11/README.Bugs --enable-languages=c,ada,c++,go,brig,d,fortran,objc,obj-c++,m2 --prefix=/usr --with-gcc-major-version-only --program-suffix=-11 --program-prefix=x86_64-linux-gnu- --enable-shared --enable-linker-build-id --libexecdir=/usr/lib --without-included-gettext --enable-threads=posix --libdir=/usr/lib --enable-nls --enable-bootstrap --enable-clocale=gnu --enable-libstdcxx-debug --enable-libstdcxx-time=yes --with-default-libstdcxx-abi=new --enable-gnu-unique-object --disable-vtable-verify --enable-plugin --enable-default-pie --with-system-zlib --enable-libphobos-checking=release --with-target-system-zlib=auto --enable-objc-gc=auto --enable-multiarch --disable-werror --enable-cet --with-arch-32=i686 --with-abi=m64 --with-multilib-list=m32,m64,mx32 --enable-multilib --with-tune=generic --enable-offload-targets=nvptx-none=/build/gcc-11-gBFGDP/gcc-11-11.2.0/debian/tmp-nvptx/usr,amdgcn-amdhsa=/build/gcc-11-gBFGDP/gcc-11-11.2.0/debian/tmp-gcn/usr --without-cuda-driver --enable-checking=release --build=x86_64-linux-gnu --host=x86_64-linux-gnu --target=x86_64-linux-gnu --with-build-config=bootstrap-lto-lean --enable-link-serialization=2
Thread model: posix
Supported LTO compression algorithms: zlib zstd
gcc version 11.2.0 (Ubuntu 11.2.0-19ubuntu1) 
... rest of stderr output deleted ...
configure:3755: $? = 0
configure:3744: gcc -V >&5
gcc: error: unrecognized command-line option '-V'
gcc: fatal error: no input files
compilation terminated.
configure:3755: $? = 1
configure:3744: gcc -qversion >&5
gcc: error: unrecognized command-line option '-qversion'; did you mean '--version'?
gcc: fatal error: no input files
compilation terminated.
configure:3755: $? = 1
configure:3744: gcc -version >&5
gcc: error: unrecognized command-line option '-version'
gcc: fatal error: no input files
compilation terminated.
configure:3755: $? = 1
configure:3775: checking whether the C compiler works
configure:3797: gcc    conftest.c  >&5
configure:3801: $? = 0
configure:3851: result: yes
configure:3854: checking for C compiler default output file name
configure:3856: result: a.out
configure:3862: checking for suffix of executables
configure:3869: gcc -o conftest    conftest.c  >&5
configure:3873: $? = 0
configure:3896: result: 
configure:3918: checking whether we are cross compiling
configure:3926: gcc -o conftest    conftest.c  >&5
configure:3930: $? = 0
configure:3937: ./conftest
configure:3941: $? = 0
configure:3956: result: no
configure:3961: checking for suffix of object files
configure:3984: gcc -c   conftest.c >&5
configure:3988: $? = 0
configure:4010: result: o
configure:4014: checking whether the compiler supports GNU C
configure:4034: gcc -c   conftest.c >&5
configure:4034: $? = 0
configure:4044: result: yes
configure:4055: checking whether gcc accepts -g
configure:4076: gcc -c -g  conftest.c >&5
configure:4076: $? = 0
configure:4120: result: yes
configure:4140: checking for gcc option to enable C11 features
configure:4155: gcc  -c -g -O2  conftest.c >&5
configure:4155: $? = 0
configure:4173: result: none needed
configure:4289: checking whether gcc understands -c and -o together
configure:4312: gcc -c conftest.c -o conftest2.o
configure:4315: $? = 0
configure:4312: gcc -c conftest.c -o conftest2.o
configure:4315: $? = 0
configure:4327: result: yes
configure:4347: checking whether make supports the include directive
configure:4362: make -f confmf.GNU && cat confinc.out
this is the am__doit target
configure:4365: $? = 0
configure:4384: result: yes (GNU style)
configure:4410: checking dependency style of gcc
configure:4522: result: gcc3
configure:4542: checking for gawk
configure:4574: result: mawk
configure:4590: checking how to run the C preprocessor
configure:4616: gcc -E  conftest.c
configure:4616: $? = 0
configure:4631: gcc -E  conftest.c
conftest.c:11:10: fatal error: ac_nonexistent.h: No such file or directory
   11 | #include <ac_nonexistent.h>
      |          ^~~~~~~~~~~~~~~~~~
compilation terminated.
configure:4631: $? = 1
configure: failed program was:
| /* confdefs.h */
| #define PACKAGE_NAME "oflops"
| #define PACKAGE_TARNAME "oflops"
| #define PACKAGE_VERSION "0.01"
| #define PACKAGE_STRING "oflops 0.01"
| #define PACKAGE_BUGREPORT "rob.sherwood@stanford.edu"
| #define PACKAGE_URL ""
| #define PACKAGE "oflops"
| #define VERSION "0.01"
| /* end confdefs.h.  */
| #include <ac_nonexistent.h>
configure:4658: result: gcc -E
configure:4672: gcc -E  conftest.c
configure:4672: $? = 0
configure:4687: gcc -E  conftest.c
conftest.c:11:10: fatal error: ac_nonexistent.h: No such file or directory
   11 | #include <ac_nonexistent.h>
      |          ^~~~~~~~~~~~~~~~~~
compilation terminated.
configure:4687: $? = 1
configure: failed program was:
| /* confdefs.h */
| #define PACKAGE_NAME "oflops"
| #define PACKAGE_TARNAME "oflops"
| #define PACKAGE_VERSION "0.01"
| #define PACKAGE_STRING "oflops 0.01"
| #define PACKAGE_BUGREPORT "rob.sherwood@stanford.edu"
| #define PACKAGE_URL ""
| #define PACKAGE "oflops"
| #define VERSION "0.01"
| /* end confdefs.h.  */
| #include <ac_nonexistent.h>
configure:4749: checking build system type
configure:4764: result: x86_64-pc-linux-gnu
configure:4784: checking host system type
configure:4798: result: x86_64-pc-linux-gnu
configure:4839: checking how to print strings
configure:4866: result: printf
configure:4887: checking for a sed that does not truncate output
configure:4957: result: /usr/bin/sed
configure:4975: checking for grep that handles long lines and -e
configure:5039: result: /usr/bin/grep
configure:5044: checking for egrep
configure:5112: result: /usr/bin/grep -E
configure:5117: checking for fgrep
configure:5185: result: /usr/bin/grep -F
configure:5221: checking for ld used by gcc
configure:5289: result: /usr/bin/ld
configure:5296: checking if the linker (/usr/bin/ld) is GNU ld
configure:5312: result: yes
configure:5324: checking for BSD- or MS-compatible name lister (nm)
configure:5379: result: /usr/bin/nm -B
configure:5519: checking the name lister (/usr/bin/nm -B) interface
configure:5527: gcc -c -g -O2  conftest.c >&5
configure:5530: /usr/bin/nm -B "conftest.o"
configure:5533: output
0000000000000000 B some_variable
configure:5540: result: BSD nm
configure:5543: checking whether ln -s works
configure:5547: result: yes
configure:5555: checking the maximum length of command line arguments
configure:5687: result: 1572864
configure:5735: checking how to convert x86_64-pc-linux-gnu file names to x86_64-pc-linux-gnu format
configure:5776: result: func_convert_file_noop
configure:5783: checking how to convert x86_64-pc-linux-gnu file names to toolchain format
configure:5804: result: func_convert_file_noop
configure:5811: checking for /usr/bin/ld option to reload object files
configure:5819: result: -r
configure:5898: checking for objdump
configure:5919: found /usr/bin/objdump
configure:5930: result: objdump
configure:5962: checking how to recognize dependent libraries
configure:6163: result: pass_all
configure:6253: checking for dlltool
configure:6288: result: no
configure:6318: checking how to associate runtime and link libraries
configure:6346: result: printf %s\n
configure:6412: checking for ar
configure:6433: found /usr/bin/ar
configure:6444: result: ar
configure:6481: checking for archiver @FILE support
configure:6499: gcc -c -g -O2  conftest.c >&5
configure:6499: $? = 0
configure:6503: ar cr libconftest.a @conftest.lst >&5
configure:6506: $? = 0
configure:6511: ar cr libconftest.a @conftest.lst >&5
ar: conftest.o: No such file or directory
configure:6514: $? = 1
configure:6526: result: @
configure:6589: checking for strip
configure:6610: found /usr/bin/strip
configure:6621: result: strip
configure:6698: checking for ranlib
configure:6719: found /usr/bin/ranlib
configure:6730: result: ranlib
configure:6832: checking command to parse /usr/bin/nm -B output from gcc object
configure:6986: gcc -c -g -O2  conftest.c >&5
configure:6989: $? = 0
configure:6993: /usr/bin/nm -B conftest.o | sed -n -e 's/^.*[	 ]\([ABCDGIRSTW][ABCDGIRSTW]*\)[	 ][	 ]*\([_A-Za-z][_A-Za-z0-9]*\)$/\1 \2 \2/p' | sed '/ __gnu_lto/d' > conftest.nm
configure:7059: gcc -o conftest -g -O2   conftest.c conftstm.o >&5
configure:7062: $? = 0
configure:7100: result: ok
configure:7147: checking for sysroot
configure:7178: result: no
configure:7185: checking for a working dd
configure:7229: result: /usr/bin/dd
configure:7233: checking how to truncate binary pipes
configure:7249: result: /usr/bin/dd bs=4096 count=1
configure:7386: gcc -c -g -O2  conftest.c >&5
configure:7389: $? = 0
configure:7586: checking for mt
configure:7607: found /usr/bin/mt
configure:7618: result: mt
configure:7641: checking if mt is a manifest tool
configure:7648: mt '-?'
configure:7656: result: no
configure:8386: checking for stdio.h
configure:8386: gcc -c -g -O2  conftest.c >&5
configure:8386: $? = 0
configure:8386: result: yes
configure:8386: checking for stdlib.h
configure:8386: gcc -c -g -O2  conftest.c >&5
configure:8386: $? = 0
configure:8386: result: yes
configure:8386: checking for string.h
configure:8386: gcc -c -g -O2  conftest.c >&5
configure:8386: $? = 0
configure:8386: result: yes
configure:8386: checking for inttypes.h
configure:8386: gcc -c -g -O2  conftest.c >&5
configure:8386: $? = 0
configure:8386: result: yes
configure:8386: checking for stdint.h
configure:8386: gcc -c -g -O2  conftest.c >&5
configure:8386: $? = 0
configure:8386: result: yes
configure:8386: checking for strings.h
configure:8386: gcc -c -g -O2  conftest.c >&5
configure:8386: $? = 0
configure:8386: result: yes
configure:8386: checking for sys/stat.h
configure:8386: gcc -c -g -O2  conftest.c >&5
configure:8386: $? = 0
configure:8386: result: yes
configure:8386: checking for sys/types.h
configure:8386: gcc -c -g -O2  conftest.c >&5
configure:8386: $? = 0
configure:8386: result: yes
configure:8386: checking for unistd.h
configure:8386: gcc -c -g -O2  conftest.c >&5
configure:8386: $? = 0
configure:8386: result: yes
configure:8411: checking for dlfcn.h
configure:8411: gcc -c -g -O2  conftest.c >&5
configure:8411: $? = 0
configure:8411: result: yes
configure:8670: checking for objdir
configure:8686: result: .libs
configure:8946: checking if gcc supports -fno-rtti -fno-exceptions
configure:8965: gcc -c -g -O2  -fno-rtti -fno-exceptions conftest.c >&5
cc1: warning: command-line option '-fno-rtti' is valid for C++/D/ObjC++ but not for C
configure:8969: $? = 0
configure:8982: result: no
configure:9346: checking for gcc option to produce PIC
configure:9354: result: -fPIC -DPIC
configure:9362: checking if gcc PIC flag -fPIC -DPIC works
configure:9381: gcc -c -g -O2  -fPIC -DPIC -DPIC conftest.c >&5
configure:9385: $? = 0
configure:9398: result: yes
configure:9427: checking if gcc static flag -static works
configure:9456: result: yes
configure:9471: checking if gcc supports -c -o file.o
configure:9493: gcc -c -g -O2  -o out/conftest2.o conftest.c >&5
configure:9497: $? = 0
configure:9519: result: yes
configure:9527: checking if gcc supports -c -o file.o
configure:9575: result: yes
configure:9608: checking whether the gcc linker (/usr/bin/ld -m elf_x86_64) supports shared libraries
configure:10878: result: yes
configure:10915: checking whether -lc should be explicitly linked in
configure:10924: gcc -c -g -O2  conftest.c >&5
configure:10927: $? = 0
configure:10942: gcc -shared  -fPIC -DPIC conftest.o  -v -Wl,-soname -Wl,conftest -o conftest 2\>\&1 \| /usr/bin/grep  -lc  \>/dev/null 2\>\&1
configure:10945: $? = 0
configure:10959: result: no
configure:11119: checking dynamic linker characteristics
configure:11701: gcc -o conftest -g -O2   -Wl,-rpath -Wl,/foo conftest.c  >&5
configure:11701: $? = 0
configure:11952: result: GNU/Linux ld.so
configure:12074: checking how to hardcode library paths into programs
configure:12099: result: immediate
configure:12651: checking whether stripping libraries is possible
configure:12656: result: yes
configure:12691: checking if libtool supports shared libraries
configure:12693: result: yes
configure:12696: checking whether to build shared libraries
configure:12721: result: yes
configure:12724: checking whether to build static libraries
configure:12728: result: yes
configure:12770: checking for doxygen
configure:12808: result: no
configure:12814: WARNING: cannot find doxygen. Will not build source documentation
configure:12828: checking for config.h
configure:12828: gcc -c -g -O2  conftest.c >&5
conftest.c:51:10: fatal error: config.h: No such file or directory
   51 | #include <config.h>
      |          ^~~~~~~~~~
compilation terminated.
configure:12828: $? = 1
configure: failed program was:
| /* confdefs.h */
| #define PACKAGE_NAME "oflops"
| #define PACKAGE_TARNAME "oflops"
| #define PACKAGE_VERSION "0.01"
| #define PACKAGE_STRING "oflops 0.01"
| #define PACKAGE_BUGREPORT "rob.sherwood@stanford.edu"
| #define PACKAGE_URL ""
| #define PACKAGE "oflops"
| #define VERSION "0.01"
| #define HAVE_STDIO_H 1
| #define HAVE_STDLIB_H 1
| #define HAVE_STRING_H 1
| #define HAVE_INTTYPES_H 1
| #define HAVE_STDINT_H 1
| #define HAVE_STRINGS_H 1
| #define HAVE_SYS_STAT_H 1
| #define HAVE_SYS_TYPES_H 1
| #define HAVE_UNISTD_H 1
| #define STDC_HEADERS 1
| #define HAVE_DLFCN_H 1
| #define LT_OBJDIR ".libs/"
| /* end confdefs.h.  */
| #include <stddef.h>
| #ifdef HAVE_STDIO_H
| # include <stdio.h>
| #endif
| #ifdef HAVE_STDLIB_H
| # include <stdlib.h>
| #endif
| #ifdef HAVE_STRING_H
| # include <string.h>
| #endif
| #ifdef HAVE_INTTYPES_H
| # include <inttypes.h>
| #endif
| #ifdef HAVE_STDINT_H
| # include <stdint.h>
| #endif
| #ifdef HAVE_STRINGS_H
| # include <strings.h>
| #endif
| #ifdef HAVE_SYS_TYPES_H
| # include <sys/types.h>
| #endif
| #ifdef HAVE_SYS_STAT_H
| # include <sys/stat.h>
| #endif
| #ifdef HAVE_UNISTD_H
| # include <unistd.h>
| #endif
| #include <config.h>
configure:12828: result: no
configure:12834: checking for net/bpf.h
configure:12834: gcc -c -g -O2  conftest.c >&5
conftest.c:51:10: fatal error: net/bpf.h: No such file or directory
   51 | #include <net/bpf.h>
      |          ^~~~~~~~~~~
compilation terminated.
configure:12834: $? = 1
configure: failed program was:
| /* confdefs.h */
| #define PACKAGE_NAME "oflops"
| #define PACKAGE_TARNAME "oflops"
| #define PACKAGE_VERSION "0.01"
| #define PACKAGE_STRING "oflops 0.01"
| #define PACKAGE_BUGREPORT "rob.sherwood@stanford.edu"
| #define PACKAGE_URL ""
| #define PACKAGE "oflops"
| #define VERSION "0.01"
| #define HAVE_STDIO_H 1
| #define HAVE_STDLIB_H 1
| #define HAVE_STRING_H 1
| #define HAVE_INTTYPES_H 1
| #define HAVE_STDINT_H 1
| #define HAVE_STRINGS_H 1
| #define HAVE_SYS_STAT_H 1
| #define HAVE_SYS_TYPES_H 1
| #define HAVE_UNISTD_H 1
| #define STDC_HEADERS 1
| #define HAVE_DLFCN_H 1
| #define LT_OBJDIR ".libs/"
| /* end confdefs.h.  */
| #include <stddef.h>
| #ifdef HAVE_STDIO_H
| # include <stdio.h>
| #endif
| #ifdef HAVE_STDLIB_H
| # include <stdlib.h>
| #endif
| #ifdef HAVE_STRING_H
| # include <string.h>
| #endif
| #ifdef HAVE_INTTYPES_H
| # include <inttypes.h>
| #endif
| #ifdef HAVE_STDINT_H
| # include <stdint.h>
| #endif
| #ifdef HAVE_STRINGS_H
| # include <strings.h>
| #endif
| #ifdef HAVE_SYS_TYPES_H
| # include <sys/types.h>
| #endif
| #ifdef HAVE_SYS_STAT_H
| # include <sys/stat.h>
| #endif
| #ifdef HAVE_UNISTD_H
| # include <unistd.h>
| #endif
| #include <net/bpf.h>
configure:12834: result: no
configure:12845: checking for net-snmp/net-snmp-config.h
configure:12845: gcc -c -g -O2  conftest.c >&5
configure:12845: $? = 0
configure:12845: result: yes
configure:12859: checking for net-snmp/net-snmp-includes.h
configure:12859: gcc -c -g -O2  conftest.c >&5
configure:12859: $? = 0
configure:12859: result: yes
configure:12946: checking for _Bool
configure:12946: gcc -c -g -O2  conftest.c >&5
configure:12946: $? = 0
configure:12946: gcc -c -g -O2  conftest.c >&5
conftest.c: In function 'main':
conftest.c:58:20: error: expected expression before ')' token
   58 | if (sizeof ((_Bool)))
      |                    ^
configure:12946: $? = 1
configure: failed program was:
| /* confdefs.h */
| #define PACKAGE_NAME "oflops"
| #define PACKAGE_TARNAME "oflops"
| #define PACKAGE_VERSION "0.01"
| #define PACKAGE_STRING "oflops 0.01"
| #define PACKAGE_BUGREPORT "rob.sherwood@stanford.edu"
| #define PACKAGE_URL ""
| #define PACKAGE "oflops"
| #define VERSION "0.01"
| #define HAVE_STDIO_H 1
| #define HAVE_STDLIB_H 1
| #define HAVE_STRING_H 1
| #define HAVE_INTTYPES_H 1
| #define HAVE_STDINT_H 1
| #define HAVE_STRINGS_H 1
| #define HAVE_SYS_STAT_H 1
| #define HAVE_SYS_TYPES_H 1
| #define HAVE_UNISTD_H 1
| #define STDC_HEADERS 1
| #define HAVE_DLFCN_H 1
| #define LT_OBJDIR ".libs/"
| #define HAVE_NET_SNMP_NET_SNMP_CONFIG_H 1
| #define HAVE_NET_SNMP_NET_SNMP_INCLUDES_H 1
| #define HAVE_OFP_FLOW_REMOVED /**/
| #define OFPT_FLOW_EXPIRED OFPT_FLOW_REMOVED
| /* end confdefs.h.  */
| #include <stddef.h>
| #ifdef HAVE_STDIO_H
| # include <stdio.h>
| #endif
| #ifdef HAVE_STDLIB_H
| # include <stdlib.h>
| #endif
| #ifdef HAVE_STRING_H
| # include <string.h>
| #endif
| #ifdef HAVE_INTTYPES_H
| # include <inttypes.h>
| #endif
| #ifdef HAVE_STDINT_H
| # include <stdint.h>
| #endif
| #ifdef HAVE_STRINGS_H
| # include <strings.h>
| #endif
| #ifdef HAVE_SYS_TYPES_H
| # include <sys/types.h>
| #endif
| #ifdef HAVE_SYS_STAT_H
| # include <sys/stat.h>
| #endif
| #ifdef HAVE_UNISTD_H
| # include <unistd.h>
| #endif
| int
| main (void)
| {
| if (sizeof ((_Bool)))
| 	    return 0;
|   ;
|   return 0;
| }
configure:12946: result: yes
configure:12955: checking for stdbool.h that conforms to C99
configure:13071: gcc -c -g -O2  conftest.c >&5
configure:13071: $? = 0
configure:13079: result: yes
configure:13090: checking for strerror
configure:13090: gcc -o conftest -g -O2   conftest.c  >&5
configure:13090: $? = 0
configure:13090: result: yes
configure:13203: checking that generated files are newer than configure
configure:13209: result: done
configure:13236: creating ./config.status

## ---------------------- ##
## Running config.status. ##
## ---------------------- ##

This file was extended by oflops config.status 0.01, which was
generated by GNU Autoconf 2.71.  Invocation command line was

  CONFIG_FILES    = 
  CONFIG_HEADERS  = 
  CONFIG_LINKS    = 
  CONFIG_COMMANDS = 
  $ ./config.status 

on ComputerScientist

config.status:1102: creating Makefile
config.status:1102: creating doc/doxygen.conf
config.status:1102: creating cbench/Makefile
config.status:1102: creating example_modules/Makefile
config.status:1102: creating example_modules/oflops_debug/Makefile
config.status:1102: creating example_modules/openflow_action_install/Makefile
config.status:1102: creating example_modules/openflow_action_measurement/Makefile
config.status:1102: creating example_modules/openflow_path_delay/Makefile
config.status:1102: creating example_modules/openflow_flow_dump_test/Makefile
config.status:1102: creating example_modules/openflow_packet_in/Makefile
config.status:1102: creating example_modules/openflow_port_status/Makefile
config.status:1102: creating example_modules/snmp_cpu/Makefile
config.status:1102: creating config.h
config.status:1283: config.h is unchanged
config.status:1331: executing depfiles commands
config.status:1408: cd .       && sed -e '/# am--include-marker/d' Makefile         | make -f - am--depfiles
make: Nothing to be done for 'am--depfiles'.
config.status:1413: $? = 0
config.status:1408: cd cbench       && sed -e '/# am--include-marker/d' Makefile         | make -f - am--depfiles
make: Nothing to be done for 'am--depfiles'.
config.status:1413: $? = 0
config.status:1408: cd example_modules/oflops_debug       && sed -e '/# am--include-marker/d' Makefile         | make -f - am--depfiles
make: Nothing to be done for 'am--depfiles'.
config.status:1413: $? = 0
config.status:1408: cd example_modules/openflow_action_install       && sed -e '/# am--include-marker/d' Makefile         | make -f - am--depfiles
make: Nothing to be done for 'am--depfiles'.
config.status:1413: $? = 0
config.status:1408: cd example_modules/openflow_action_measurement       && sed -e '/# am--include-marker/d' Makefile         | make -f - am--depfiles
make: Nothing to be done for 'am--depfiles'.
config.status:1413: $? = 0
config.status:1408: cd example_modules/openflow_path_delay       && sed -e '/# am--include-marker/d' Makefile         | make -f - am--depfiles
make: Nothing to be done for 'am--depfiles'.
config.status:1413: $? = 0
config.status:1408: cd example_modules/openflow_flow_dump_test       && sed -e '/# am--include-marker/d' Makefile         | make -f - am--depfiles
make: Nothing to be done for 'am--depfiles'.
config.status:1413: $? = 0
config.status:1408: cd example_modules/openflow_packet_in       && sed -e '/# am--include-marker/d' Makefile         | make -f - am--depfiles
make: Nothing to be done for 'am--depfiles'.
config.status:1413: $? = 0
config.status:1408: cd example_modules/openflow_port_status       && sed -e '/# am--include-marker/d' Makefile         | make -f - am--depfiles
make: Nothing to be done for 'am--depfiles'.
config.status:1413: $? = 0
config.status:1408: cd example_modules/snmp_cpu       && sed -e '/# am--include-marker/d' Makefile         | make -f - am--depfiles
make: Nothing to be done for 'am--depfiles'.
config.status:1413: $? = 0
config.status:1331: executing libtool commands

## ---------------- ##
## Cache variables. ##
## ---------------- ##

ac_cv_build=x86_64-pc-linux-gnu
ac_cv_c_compiler_gnu=yes
ac_cv_env_CC_set=
ac_cv_env_CC_value=
ac_cv_env_CFLAGS_set=
ac_cv_env_CFLAGS_value=
ac_cv_env_CPPFLAGS_set=
ac_cv_env_CPPFLAGS_value=
ac_cv_env_CPP_set=
ac_cv_env_CPP_value=
ac_cv_env_LDFLAGS_set=
ac_cv_env_LDFLAGS_value=
ac_cv_env_LIBS_set=
ac_cv_env_LIBS_value=
ac_cv_env_LT_SYS_LIBRARY_PATH_set=
ac_cv_env_LT_SYS_LIBRARY_PATH_value=
ac_cv_env_build_alias_set=
ac_cv_env_build_alias_value=
ac_cv_env_host_alias_set=
ac_cv_env_host_alias_value=
ac_cv_env_target_alias_set=
ac_cv_env_target_alias_value=
ac_cv_file__home_muhammadjunaidkhalid_openflow_include_openflow_openflow_h=yes
ac_cv_func_strerror=yes
ac_cv_header_config_h=no
ac_cv_header_dlfcn_h=yes
ac_cv_header_inttypes_h=yes
ac_cv_header_net_bpf_h=no
ac_cv_header_net_snmp_net_snmp_config_h=yes
ac_cv_header_net_snmp_net_snmp_includes_h=yes
ac_cv_header_stdbool_h=yes
ac_cv_header_stdint_h=yes
ac_cv_header_stdio_h=yes
ac_cv_header_stdlib_h=yes
ac_cv_header_string_h=yes
ac_cv_header_strings_h=yes
ac_cv_header_sys_stat_h=yes
ac_cv_header_sys_types_h=yes
ac_cv_header_unistd_h=yes
ac_cv_host=x86_64-pc-linux-gnu
ac_cv_objext=o
ac_cv_path_EGREP='/usr/bin/grep -E'
ac_cv_path_FGREP='/usr/bin/grep -F'
ac_cv_path_GREP=/usr/bin/grep
ac_cv_path_SED=/usr/bin/sed
ac_cv_path_install='/usr/bin/install -c'
ac_cv_path_lt_DD=/usr/bin/dd
ac_cv_path_mkdir=/usr/bin/mkdir
ac_cv_prog_AWK=mawk
ac_cv_prog_CPP='gcc -E'
ac_cv_prog_ac_ct_AR=ar
ac_cv_prog_ac_ct_CC=gcc
ac_cv_prog_ac_ct_MANIFEST_TOOL=mt
ac_cv_prog_ac_ct_OBJDUMP=objdump
ac_cv_prog_ac_ct_RANLIB=ranlib
ac_cv_prog_ac_ct_STRIP=strip
ac_cv_prog_cc_c11=
ac_cv_prog_cc_g=yes
ac_cv_prog_cc_stdc=
ac_cv_prog_make_make_set=yes
ac_cv_type__Bool=yes
am_cv_CC_dependencies_compiler_type=gcc3
am_cv_make_support_nested_variables=yes
am_cv_prog_cc_c_o=yes
lt_cv_ar_at_file=@
lt_cv_archive_cmds_need_lc=no
lt_cv_deplibs_check_method=pass_all
lt_cv_file_magic_cmd='$MAGIC_CMD'
lt_cv_file_magic_test_file=
lt_cv_ld_reload_flag=-r
lt_cv_nm_interface='BSD nm'
lt_cv_objdir=.libs
lt_cv_path_LD=/usr/bin/ld
lt_cv_path_NM='/usr/bin/nm -B'
lt_cv_path_mainfest_tool=no
lt_cv_prog_compiler_c_o=yes
lt_cv_prog_compiler_pic='-fPIC -DPIC'
lt_cv_prog_compiler_pic_works=yes
lt_cv_prog_compiler_rtti_exceptions=no
lt_cv_prog_compiler_static_works=yes
lt_cv_prog_gnu_ld=yes
lt_cv_sharedlib_from_linklib_cmd='printf %s\n'
lt_cv_shlibpath_overrides_runpath=yes
lt_cv_sys_global_symbol_pipe='sed -n -e '\''s/^.*[	 ]\([ABCDGIRSTW][ABCDGIRSTW]*\)[	 ][	 ]*\([_A-Za-z][_A-Za-z0-9]*\)$/\1 \2 \2/p'\'' | sed '\''/ __gnu_lto/d'\'''
lt_cv_sys_global_symbol_to_c_name_address='sed -n -e '\''s/^: \(.*\) .*$/  {"\1", (void *) 0},/p'\'' -e '\''s/^[ABCDGIRSTW][ABCDGIRSTW]* .* \(.*\)$/  {"\1", (void *) \&\1},/p'\'''
lt_cv_sys_global_symbol_to_c_name_address_lib_prefix='sed -n -e '\''s/^: \(.*\) .*$/  {"\1", (void *) 0},/p'\'' -e '\''s/^[ABCDGIRSTW][ABCDGIRSTW]* .* \(lib.*\)$/  {"\1", (void *) \&\1},/p'\'' -e '\''s/^[ABCDGIRSTW][ABCDGIRSTW]* .* \(.*\)$/  {"lib\1", (void *) \&\1},/p'\'''
lt_cv_sys_global_symbol_to_cdecl='sed -n -e '\''s/^T .* \(.*\)$/extern int \1();/p'\'' -e '\''s/^[ABCDGIRSTW][ABCDGIRSTW]* .* \(.*\)$/extern char \1;/p'\'''
lt_cv_sys_global_symbol_to_import=
lt_cv_sys_max_cmd_len=1572864
lt_cv_to_host_file_cmd=func_convert_file_noop
lt_cv_to_tool_file_cmd=func_convert_file_noop
lt_cv_truncate_bin='/usr/bin/dd bs=4096 count=1'

## ----------------- ##
## Output variables. ##
## ----------------- ##

ACLOCAL='${SHELL} '\''/home/muhammadjunaidkhalid/oflops/missing'\'' aclocal-1.16'
AMDEPBACKSLASH='\'
AMDEP_FALSE='#'
AMDEP_TRUE=''
AMTAR='$${TAR-tar}'
AM_BACKSLASH='\'
AM_DEFAULT_V='$(AM_DEFAULT_VERBOSITY)'
AM_DEFAULT_VERBOSITY='1'
AM_V='$(V)'
AR='ar'
AUTOCONF='${SHELL} '\''/home/muhammadjunaidkhalid/oflops/missing'\'' autoconf'
AUTOHEADER='${SHELL} '\''/home/muhammadjunaidkhalid/oflops/missing'\'' autoheader'
AUTOMAKE='${SHELL} '\''/home/muhammadjunaidkhalid/oflops/missing'\'' automake-1.16'
AWK='mawk'
CC='gcc'
CCDEPMODE='depmode=gcc3'
CFLAGS='-g -O2'
CPP='gcc -E'
CPPFLAGS=''
CSCOPE='cscope'
CTAGS='ctags'
CYGPATH_W='echo'
DEFS='-DHAVE_CONFIG_H'
DEPDIR='.deps'
DLLTOOL='false'
DOXYGEN=''
DSYMUTIL=''
DUMPBIN=''
ECHO_C=''
ECHO_N='-n'
ECHO_T=''
EGREP='/usr/bin/grep -E'
ETAGS='etags'
EXEEXT=''
FGREP='/usr/bin/grep -F'
GREP='/usr/bin/grep'
HAVE_DOXYGEN_FALSE=''
HAVE_DOXYGEN_TRUE='#'
INSTALL_DATA='${INSTALL} -m 644'
INSTALL_PROGRAM='${INSTALL}'
INSTALL_SCRIPT='${INSTALL}'
INSTALL_STRIP_PROGRAM='$(install_sh) -c -s'
LD='/usr/bin/ld -m elf_x86_64'
LDFLAGS=''
LIBOBJS=''
LIBS=''
LIBTOOL='$(SHELL) $(top_builddir)/libtool'
LIPO=''
LN_S='ln -s'
LTLIBOBJS=''
LT_SYS_LIBRARY_PATH=''
MAKEINFO='${SHELL} '\''/home/muhammadjunaidkhalid/oflops/missing'\'' makeinfo'
MANIFEST_TOOL=':'
MKDIR_P='/usr/bin/mkdir -p'
NM='/usr/bin/nm -B'
NMEDIT=''
OBJDUMP='objdump'
OBJEXT='o'
OTOOL64=''
OTOOL=''
PACKAGE='oflops'
PACKAGE_BUGREPORT='rob.sherwood@stanford.edu'
PACKAGE_NAME='oflops'
PACKAGE_STRING='oflops 0.01'
PACKAGE_TARNAME='oflops'
PACKAGE_URL=''
PACKAGE_VERSION='0.01'
PATH_SEPARATOR=':'
RANLIB='ranlib'
SED='/usr/bin/sed'
SET_MAKE=''
SHELL='/bin/bash'
STRIP='strip'
VERSION='0.01'
ac_ct_AR='ar'
ac_ct_CC='gcc'
ac_ct_DUMPBIN=''
am__EXEEXT_FALSE=''
am__EXEEXT_TRUE='#'
am__fastdepCC_FALSE='#'
am__fastdepCC_TRUE=''
am__include='include'
am__isrc=''
am__leading_dot='.'
am__nodep='_no'
am__quote=''
am__tar='$${TAR-tar} chof - "$$tardir"'
am__untar='$${TAR-tar} xf -'
bindir='${exec_prefix}/bin'
build='x86_64-pc-linux-gnu'
build_alias=''
build_cpu='x86_64'
build_os='linux-gnu'
build_vendor='pc'
datadir='${datarootdir}'
datarootdir='${prefix}/share'
docdir='${datarootdir}/doc/${PACKAGE_TARNAME}'
dvidir='${docdir}'
exec_prefix='${prefix}'
host='x86_64-pc-linux-gnu'
host_alias=''
host_cpu='x86_64'
host_os='linux-gnu'
host_vendor='pc'
htmldir='${docdir}'
includedir='${prefix}/include'
infodir='${datarootdir}/info'
install_sh='${SHELL} /home/muhammadjunaidkhalid/oflops/install-sh'
libdir='${exec_prefix}/lib'
libexecdir='${exec_prefix}/libexec'
localedir='${datarootdir}/locale'
localstatedir='${prefix}/var'
mandir='${datarootdir}/man'
mkdir_p='$(MKDIR_P)'
oldincludedir='/usr/include'
openflowsrc='/home/muhammadjunaidkhalid/openflow'
pdfdir='${docdir}'
prefix='/usr/local'
program_transform_name='s,x,x,'
psdir='${docdir}'
runstatedir='${localstatedir}/run'
sbindir='${exec_prefix}/sbin'
sharedstatedir='${prefix}/com'
sysconfdir='${prefix}/etc'
target_alias=''

## ----------- ##
## confdefs.h. ##
## ----------- ##

/* confdefs.h */
#define PACKAGE_NAME "oflops"
#define PACKAGE_TARNAME "oflops"
#define PACKAGE_VERSION "0.01"
#define PACKAGE_STRING "oflops 0.01"
#define PACKAGE_BUGREPORT "rob.sherwood@stanford.edu"
#define PACKAGE_URL ""
#define PACKAGE "oflops"
#define VERSION "0.01"
#define HAVE_STDIO_H 1
#define HAVE_STDLIB_H 1
#define HAVE_STRING_H 1
#define HAVE_INTTYPES_H 1
#define HAVE_STDINT_H 1
#define HAVE_STRINGS_H 1
#define HAVE_SYS_STAT_H 1
#define HAVE_SYS_TYPES_H 1
#define HAVE_UNISTD_H 1
#define STDC_HEADERS 1
#define HAVE_DLFCN_H 1
#define LT_OBJDIR ".libs/"
#define HAVE_NET_SNMP_NET_SNMP_CONFIG_H 1
#define HAVE_NET_SNMP_NET_SNMP_INCLUDES_H 1
#define HAVE_OFP_FLOW_REMOVED /**/
#define OFPT_FLOW_EXPIRED OFPT_FLOW_REMOVED
#define HAVE__BOOL 1
#define HAVE_STDBOOL_H 1
#define HAVE_STRERROR 1

configure: exit 0
